<?xml version="1.0" encoding="UTF-8"?>
<testsuite xmlns:xsi="http://www.w3.org/2001/XMLSchema-instance" xsi:noNamespaceSchemaLocation="https://maven.apache.org/surefire/maven-surefire-plugin/xsd/surefire-test-report-3.0.xsd" version="3.0" name="CareHomeTest" time="0.017" tests="3" errors="0" skipped="0" failures="0">
  <properties>
[...]
</properties>
  <testcase name="testAssignBedOccupied" classname="CareHomeTest" time="0.01">
    <system-out><![CDATA[Resident added successfully.
Resident added successfully.
]]></system-out>
  </testcase>
  <testcase name="testAddResident" classname="CareHomeTest" time="0.003">
    <system-out><![CDATA[Resident added successfully.
]]></system-out>
  </testcase>
  <testcase name="testAssignBed" classname="CareHomeTest" time="0.002">
    <system-out><![CDATA[Resident added successfully.
]]></system-out>
  </testcase>
</testsuite>